<?xml version="1.0" encoding="UTF-8"?>
<!-- Generated by org.testng.reporters.JUnitXMLReporter -->
<testsuite hostname="DESKTOP-0SIJPFB" ignored="0" name="Free CRM application test" tests="8" failures="1" timestamp="22 Jul 2020 11:51:55 GMT" time="113.6" errors="0">
  <testcase name="@BeforeMethod setUp" time="72.537" classname="com.crm.ola.qa.testcases.ContactsPageTest">
    <failure type="org.openqa.selenium.TimeoutException" message="timeout: Timed out receiving message from renderer: 40.000
  (Session info: chrome=83.0.4103.116)
Build info: version: &amp;apos;3.141.59&amp;apos;, revision: &amp;apos;e82be7d358&amp;apos;, time: &amp;apos;2018-11-14T08:17:03&amp;apos;
System info: host: &amp;apos;DESKTOP-0SIJPFB&amp;apos;, ip: &amp;apos;192.168.43.38&amp;apos;, os.name: &amp;apos;Windows 10&amp;apos;, os.arch: &amp;apos;amd64&amp;apos;, os.version: &amp;apos;10.0&amp;apos;, java.version: &amp;apos;1.8.0_261&amp;apos;
Driver info: org.openqa.selenium.chrome.ChromeDriver
Capabilities {acceptInsecureCerts: false, browserName: chrome, browserVersion: 83.0.4103.116, chrome: {chromedriverVersion: 83.0.4103.39 (ccbf011cb2d2b..., userDataDir: C:\Users\shubh\AppData\Loca...}, goog:chromeOptions: {debuggerAddress: localhost:49969}, javascriptEnabled: true, networkConnectionEnabled: false, pageLoadStrategy: normal, platform: WINDOWS, platformName: WINDOWS, proxy: Proxy(), setWindowRect: true, strictFileInteractability: false, timeouts: {implicit: 0, pageLoad: 300000, script: 30000}, unhandledPromptBehavior: dismiss and notify, webauthn:virtualAuthenticators: true}
Session ID: ab31e99c999ad4c2025b93ce46d218a6">
      <![CDATA[org.openqa.selenium.TimeoutException: timeout: Timed out receiving message from renderer: 40.000
  (Session info: chrome=83.0.4103.116)
Build info: version: '3.141.59', revision: 'e82be7d358', time: '2018-11-14T08:17:03'
System info: host: 'DESKTOP-0SIJPFB', ip: '192.168.43.38', os.name: 'Windows 10', os.arch: 'amd64', os.version: '10.0', java.version: '1.8.0_261'
Driver info: org.openqa.selenium.chrome.ChromeDriver
Capabilities {acceptInsecureCerts: false, browserName: chrome, browserVersion: 83.0.4103.116, chrome: {chromedriverVersion: 83.0.4103.39 (ccbf011cb2d2b..., userDataDir: C:\Users\shubh\AppData\Loca...}, goog:chromeOptions: {debuggerAddress: localhost:49969}, javascriptEnabled: true, networkConnectionEnabled: false, pageLoadStrategy: normal, platform: WINDOWS, platformName: WINDOWS, proxy: Proxy(), setWindowRect: true, strictFileInteractability: false, timeouts: {implicit: 0, pageLoad: 300000, script: 30000}, unhandledPromptBehavior: dismiss and notify, webauthn:virtualAuthenticators: true}
Session ID: ab31e99c999ad4c2025b93ce46d218a6
at org.openqa.selenium.remote.http.W3CHttpResponseCodec.createException(W3CHttpResponseCodec.java:187)
at org.openqa.selenium.remote.http.W3CHttpResponseCodec.decode(W3CHttpResponseCodec.java:122)
at org.openqa.selenium.remote.http.W3CHttpResponseCodec.decode(W3CHttpResponseCodec.java:49)
at org.openqa.selenium.remote.HttpCommandExecutor.execute(HttpCommandExecutor.java:158)
at org.openqa.selenium.remote.service.DriverCommandExecutor.execute(DriverCommandExecutor.java:83)
at org.openqa.selenium.remote.RemoteWebDriver.execute(RemoteWebDriver.java:552)
at org.openqa.selenium.remote.RemoteWebElement.execute(RemoteWebElement.java:285)
at org.openqa.selenium.remote.RemoteWebElement.click(RemoteWebElement.java:84)
at org.openqa.selenium.support.pagefactory.internal.LocatingElementHandler.invoke(LocatingElementHandler.java:51)
at com.sun.proxy.$Proxy9.click(Unknown Source)
at com.crm.ola.qa.pages.LoginPage.login(LoginPage.java:49)
at com.crm.ola.qa.testcases.ContactsPageTest.setUp(ContactsPageTest.java:38)
... Removed 36 stack frames]]>
    </failure>
  </testcase> <!-- @BeforeMethod setUp -->
  <testcase name="@AfterMethod teardown" time="0.0" classname="com.crm.ola.qa.testcases.ContactsPageTest">
    <skipped/>
  </testcase> <!-- @AfterMethod teardown -->
  <testcase name="@BeforeMethod setUp" time="13.714" classname="com.crm.ola.qa.testcases.HomePageTest">
    <failure type="org.openqa.selenium.SessionNotCreatedException" message="session not created
from chrome not reachable
  (Session info: chrome=83.0.4103.116)
Build info: version: &amp;apos;3.141.59&amp;apos;, revision: &amp;apos;e82be7d358&amp;apos;, time: &amp;apos;2018-11-14T08:17:03&amp;apos;
System info: host: &amp;apos;DESKTOP-0SIJPFB&amp;apos;, ip: &amp;apos;192.168.43.38&amp;apos;, os.name: &amp;apos;Windows 10&amp;apos;, os.arch: &amp;apos;amd64&amp;apos;, os.version: &amp;apos;10.0&amp;apos;, java.version: &amp;apos;1.8.0_261&amp;apos;
Driver info: driver.version: ChromeDriver
remote stacktrace: Backtrace:
	Ordinal0 [0x00919563+2725219]
	Ordinal0 [0x00818551+1672529]
	Ordinal0 [0x00700202+524802]
	Ordinal0 [0x006F99B2+498098]
	Ordinal0 [0x006FA09B+499867]
	Ordinal0 [0x006FAFF5+503797]
	Ordinal0 [0x006F6994+485780]
	Ordinal0 [0x00700FF0+528368]
	Ordinal0 [0x006AD6C9+186057]
	Ordinal0 [0x006ACA3D+182845]
	Ordinal0 [0x006AA94B+174411]
	Ordinal0 [0x00692528+75048]
	Ordinal0 [0x006935A0+79264]
	Ordinal0 [0x00693539+79161]
	Ordinal0 [0x0082D607+1758727]
	GetHandleVerifier [0x00A36546+1050150]
	GetHandleVerifier [0x00A36291+1049457]
	GetHandleVerifier [0x00A410D7+1094071]
	GetHandleVerifier [0x00A36B46+1051686]
	Ordinal0 [0x00825B06+1727238]
	Ordinal0 [0x0082EB7B+1764219]
	Ordinal0 [0x0082ECE3+1764579]
	Ordinal0 [0x00844C05+1854469]
	BaseThreadInitThunk [0x76376359+25]
	RtlGetAppContainerNamedObjectPath [0x76F17C24+228]
	RtlGetAppContainerNamedObjectPath [0x76F17BF4+180]
">
      <![CDATA[org.openqa.selenium.SessionNotCreatedException: session not created
from chrome not reachable
  (Session info: chrome=83.0.4103.116)
Build info: version: '3.141.59', revision: 'e82be7d358', time: '2018-11-14T08:17:03'
System info: host: 'DESKTOP-0SIJPFB', ip: '192.168.43.38', os.name: 'Windows 10', os.arch: 'amd64', os.version: '10.0', java.version: '1.8.0_261'
Driver info: driver.version: ChromeDriver
remote stacktrace: Backtrace:
Ordinal0 [0x00919563+2725219]
Ordinal0 [0x00818551+1672529]
Ordinal0 [0x00700202+524802]
Ordinal0 [0x006F99B2+498098]
Ordinal0 [0x006FA09B+499867]
Ordinal0 [0x006FAFF5+503797]
Ordinal0 [0x006F6994+485780]
Ordinal0 [0x00700FF0+528368]
Ordinal0 [0x006AD6C9+186057]
Ordinal0 [0x006ACA3D+182845]
Ordinal0 [0x006AA94B+174411]
Ordinal0 [0x00692528+75048]
Ordinal0 [0x006935A0+79264]
Ordinal0 [0x00693539+79161]
Ordinal0 [0x0082D607+1758727]
GetHandleVerifier [0x00A36546+1050150]
GetHandleVerifier [0x00A36291+1049457]
GetHandleVerifier [0x00A410D7+1094071]
GetHandleVerifier [0x00A36B46+1051686]
Ordinal0 [0x00825B06+1727238]
Ordinal0 [0x0082EB7B+1764219]
Ordinal0 [0x0082ECE3+1764579]
Ordinal0 [0x00844C05+1854469]
BaseThreadInitThunk [0x76376359+25]
RtlGetAppContainerNamedObjectPath [0x76F17C24+228]
RtlGetAppContainerNamedObjectPath [0x76F17BF4+180]

at org.openqa.selenium.remote.W3CHandshakeResponse.lambda$errorHandler$0(W3CHandshakeResponse.java:62)
at org.openqa.selenium.remote.HandshakeResponse.lambda$getResponseFunction$0(HandshakeResponse.java:30)
at org.openqa.selenium.remote.ProtocolHandshake.lambda$createSession$0(ProtocolHandshake.java:126)
at java.util.stream.ReferencePipeline$3$1.accept(Unknown Source)
at java.util.Spliterators$ArraySpliterator.tryAdvance(Unknown Source)
at java.util.stream.ReferencePipeline.forEachWithCancel(Unknown Source)
at java.util.stream.AbstractPipeline.copyIntoWithCancel(Unknown Source)
at java.util.stream.AbstractPipeline.copyInto(Unknown Source)
at java.util.stream.AbstractPipeline.wrapAndCopyInto(Unknown Source)
at java.util.stream.FindOps$FindOp.evaluateSequential(Unknown Source)
at java.util.stream.AbstractPipeline.evaluate(Unknown Source)
at java.util.stream.ReferencePipeline.findFirst(Unknown Source)
at org.openqa.selenium.remote.ProtocolHandshake.createSession(ProtocolHandshake.java:128)
at org.openqa.selenium.remote.ProtocolHandshake.createSession(ProtocolHandshake.java:74)
at org.openqa.selenium.remote.HttpCommandExecutor.execute(HttpCommandExecutor.java:136)
at org.openqa.selenium.remote.service.DriverCommandExecutor.execute(DriverCommandExecutor.java:83)
at org.openqa.selenium.remote.RemoteWebDriver.execute(RemoteWebDriver.java:552)
at org.openqa.selenium.remote.RemoteWebDriver.startSession(RemoteWebDriver.java:213)
at org.openqa.selenium.remote.RemoteWebDriver.<init>(RemoteWebDriver.java:131)
at org.openqa.selenium.chrome.ChromeDriver.<init>(ChromeDriver.java:181)
at org.openqa.selenium.chrome.ChromeDriver.<init>(ChromeDriver.java:168)
at org.openqa.selenium.chrome.ChromeDriver.<init>(ChromeDriver.java:123)
at com.crm.ola.qa.base.TestBase.initialization(TestBase.java:31)
at com.crm.ola.qa.testcases.HomePageTest.setUp(HomePageTest.java:32)
... Removed 32 stack frames]]>
    </failure>
  </testcase> <!-- @BeforeMethod setUp -->
  <testcase name="@AfterMethod teardown" time="0.0" classname="com.crm.ola.qa.testcases.HomePageTest">
    <skipped/>
  </testcase> <!-- @AfterMethod teardown -->
  <testcase name="@BeforeMethod setUp" time="0.0" classname="com.crm.ola.qa.testcases.ContactsPageTest">
    <skipped/>
  </testcase> <!-- @BeforeMethod setUp -->
  <testcase name="@AfterMethod teardown" time="0.0" classname="com.crm.ola.qa.testcases.ContactsPageTest">
    <skipped/>
  </testcase> <!-- @AfterMethod teardown -->
  <testcase name="@BeforeMethod setUp" time="13.599" classname="com.crm.ola.qa.testcases.LogInPageTest">
    <failure type="org.openqa.selenium.SessionNotCreatedException" message="session not created
from chrome not reachable
  (Session info: chrome=83.0.4103.116)
Build info: version: &amp;apos;3.141.59&amp;apos;, revision: &amp;apos;e82be7d358&amp;apos;, time: &amp;apos;2018-11-14T08:17:03&amp;apos;
System info: host: &amp;apos;DESKTOP-0SIJPFB&amp;apos;, ip: &amp;apos;192.168.43.38&amp;apos;, os.name: &amp;apos;Windows 10&amp;apos;, os.arch: &amp;apos;amd64&amp;apos;, os.version: &amp;apos;10.0&amp;apos;, java.version: &amp;apos;1.8.0_261&amp;apos;
Driver info: driver.version: ChromeDriver
remote stacktrace: Backtrace:
	Ordinal0 [0x00919563+2725219]
	Ordinal0 [0x00818551+1672529]
	Ordinal0 [0x00700202+524802]
	Ordinal0 [0x006F99B2+498098]
	Ordinal0 [0x006FA09B+499867]
	Ordinal0 [0x006FAFF5+503797]
	Ordinal0 [0x006F6994+485780]
	Ordinal0 [0x00700FF0+528368]
	Ordinal0 [0x006AD6C9+186057]
	Ordinal0 [0x006ACA3D+182845]
	Ordinal0 [0x006AA94B+174411]
	Ordinal0 [0x00692528+75048]
	Ordinal0 [0x006935A0+79264]
	Ordinal0 [0x00693539+79161]
	Ordinal0 [0x0082D607+1758727]
	GetHandleVerifier [0x00A36546+1050150]
	GetHandleVerifier [0x00A36291+1049457]
	GetHandleVerifier [0x00A410D7+1094071]
	GetHandleVerifier [0x00A36B46+1051686]
	Ordinal0 [0x00825B06+1727238]
	Ordinal0 [0x0082EB7B+1764219]
	Ordinal0 [0x0082ECE3+1764579]
	Ordinal0 [0x00844C05+1854469]
	BaseThreadInitThunk [0x76376359+25]
	RtlGetAppContainerNamedObjectPath [0x76F17C24+228]
	RtlGetAppContainerNamedObjectPath [0x76F17BF4+180]
">
      <![CDATA[org.openqa.selenium.SessionNotCreatedException: session not created
from chrome not reachable
  (Session info: chrome=83.0.4103.116)
Build info: version: '3.141.59', revision: 'e82be7d358', time: '2018-11-14T08:17:03'
System info: host: 'DESKTOP-0SIJPFB', ip: '192.168.43.38', os.name: 'Windows 10', os.arch: 'amd64', os.version: '10.0', java.version: '1.8.0_261'
Driver info: driver.version: ChromeDriver
remote stacktrace: Backtrace:
Ordinal0 [0x00919563+2725219]
Ordinal0 [0x00818551+1672529]
Ordinal0 [0x00700202+524802]
Ordinal0 [0x006F99B2+498098]
Ordinal0 [0x006FA09B+499867]
Ordinal0 [0x006FAFF5+503797]
Ordinal0 [0x006F6994+485780]
Ordinal0 [0x00700FF0+528368]
Ordinal0 [0x006AD6C9+186057]
Ordinal0 [0x006ACA3D+182845]
Ordinal0 [0x006AA94B+174411]
Ordinal0 [0x00692528+75048]
Ordinal0 [0x006935A0+79264]
Ordinal0 [0x00693539+79161]
Ordinal0 [0x0082D607+1758727]
GetHandleVerifier [0x00A36546+1050150]
GetHandleVerifier [0x00A36291+1049457]
GetHandleVerifier [0x00A410D7+1094071]
GetHandleVerifier [0x00A36B46+1051686]
Ordinal0 [0x00825B06+1727238]
Ordinal0 [0x0082EB7B+1764219]
Ordinal0 [0x0082ECE3+1764579]
Ordinal0 [0x00844C05+1854469]
BaseThreadInitThunk [0x76376359+25]
RtlGetAppContainerNamedObjectPath [0x76F17C24+228]
RtlGetAppContainerNamedObjectPath [0x76F17BF4+180]

at org.openqa.selenium.remote.W3CHandshakeResponse.lambda$errorHandler$0(W3CHandshakeResponse.java:62)
at org.openqa.selenium.remote.HandshakeResponse.lambda$getResponseFunction$0(HandshakeResponse.java:30)
at org.openqa.selenium.remote.ProtocolHandshake.lambda$createSession$0(ProtocolHandshake.java:126)
at java.util.stream.ReferencePipeline$3$1.accept(Unknown Source)
at java.util.Spliterators$ArraySpliterator.tryAdvance(Unknown Source)
at java.util.stream.ReferencePipeline.forEachWithCancel(Unknown Source)
at java.util.stream.AbstractPipeline.copyIntoWithCancel(Unknown Source)
at java.util.stream.AbstractPipeline.copyInto(Unknown Source)
at java.util.stream.AbstractPipeline.wrapAndCopyInto(Unknown Source)
at java.util.stream.FindOps$FindOp.evaluateSequential(Unknown Source)
at java.util.stream.AbstractPipeline.evaluate(Unknown Source)
at java.util.stream.ReferencePipeline.findFirst(Unknown Source)
at org.openqa.selenium.remote.ProtocolHandshake.createSession(ProtocolHandshake.java:128)
at org.openqa.selenium.remote.ProtocolHandshake.createSession(ProtocolHandshake.java:74)
at org.openqa.selenium.remote.HttpCommandExecutor.execute(HttpCommandExecutor.java:136)
at org.openqa.selenium.remote.service.DriverCommandExecutor.execute(DriverCommandExecutor.java:83)
at org.openqa.selenium.remote.RemoteWebDriver.execute(RemoteWebDriver.java:552)
at org.openqa.selenium.remote.RemoteWebDriver.startSession(RemoteWebDriver.java:213)
at org.openqa.selenium.remote.RemoteWebDriver.<init>(RemoteWebDriver.java:131)
at org.openqa.selenium.chrome.ChromeDriver.<init>(ChromeDriver.java:181)
at org.openqa.selenium.chrome.ChromeDriver.<init>(ChromeDriver.java:168)
at org.openqa.selenium.chrome.ChromeDriver.<init>(ChromeDriver.java:123)
at com.crm.ola.qa.base.TestBase.initialization(TestBase.java:31)
at com.crm.ola.qa.testcases.LogInPageTest.setUp(LogInPageTest.java:28)
... Removed 32 stack frames]]>
    </failure>
  </testcase> <!-- @BeforeMethod setUp -->
  <testcase name="@AfterMethod teardown" time="0.0" classname="com.crm.ola.qa.testcases.LogInPageTest">
    <skipped/>
  </testcase> <!-- @AfterMethod teardown -->
  <testcase name="@BeforeMethod setUp" time="0.0" classname="com.crm.ola.qa.testcases.HomePageTest">
    <skipped/>
  </testcase> <!-- @BeforeMethod setUp -->
  <testcase name="@AfterMethod teardown" time="0.0" classname="com.crm.ola.qa.testcases.HomePageTest">
    <skipped/>
  </testcase> <!-- @AfterMethod teardown -->
  <testcase name="@BeforeMethod setUp" time="0.0" classname="com.crm.ola.qa.testcases.LogInPageTest">
    <skipped/>
  </testcase> <!-- @BeforeMethod setUp -->
  <testcase name="@AfterMethod teardown" time="0.0" classname="com.crm.ola.qa.testcases.LogInPageTest">
    <skipped/>
  </testcase> <!-- @AfterMethod teardown -->
  <testcase name="@BeforeMethod setUp" time="0.0" classname="com.crm.ola.qa.testcases.HomePageTest">
    <skipped/>
  </testcase> <!-- @BeforeMethod setUp -->
  <testcase name="@AfterMethod teardown" time="0.0" classname="com.crm.ola.qa.testcases.HomePageTest">
    <skipped/>
  </testcase> <!-- @AfterMethod teardown -->
  <testcase name="verifycontactsPagetest" time="0.0" classname="com.crm.ola.qa.testcases.ContactsPageTest">
    <skipped/>
  </testcase> <!-- verifycontactsPagetest -->
  <testcase name="logInpageTitleTest" time="0.035" classname="com.crm.ola.qa.testcases.LogInPageTest">
    <failure type="org.openqa.selenium.NoSuchWindowException" message="no such window: target window already closed
from unknown error: web view not found
  (Session info: chrome=83.0.4103.116)
Build info: version: &amp;apos;3.141.59&amp;apos;, revision: &amp;apos;e82be7d358&amp;apos;, time: &amp;apos;2018-11-14T08:17:03&amp;apos;
System info: host: &amp;apos;DESKTOP-0SIJPFB&amp;apos;, ip: &amp;apos;192.168.43.38&amp;apos;, os.name: &amp;apos;Windows 10&amp;apos;, os.arch: &amp;apos;amd64&amp;apos;, os.version: &amp;apos;10.0&amp;apos;, java.version: &amp;apos;1.8.0_261&amp;apos;
Driver info: org.openqa.selenium.chrome.ChromeDriver
Capabilities {acceptInsecureCerts: false, browserName: chrome, browserVersion: 83.0.4103.116, chrome: {chromedriverVersion: 83.0.4103.39 (ccbf011cb2d2b..., userDataDir: C:\Users\shubh\AppData\Loca...}, goog:chromeOptions: {debuggerAddress: localhost:50103}, javascriptEnabled: true, networkConnectionEnabled: false, pageLoadStrategy: normal, platform: WINDOWS, platformName: WINDOWS, proxy: Proxy(), setWindowRect: true, strictFileInteractability: false, timeouts: {implicit: 0, pageLoad: 300000, script: 30000}, unhandledPromptBehavior: dismiss and notify, webauthn:virtualAuthenticators: true}
Session ID: e865849116a2b2c77d6e8c9c12be9501">
      <![CDATA[org.openqa.selenium.NoSuchWindowException: no such window: target window already closed
from unknown error: web view not found
  (Session info: chrome=83.0.4103.116)
Build info: version: '3.141.59', revision: 'e82be7d358', time: '2018-11-14T08:17:03'
System info: host: 'DESKTOP-0SIJPFB', ip: '192.168.43.38', os.name: 'Windows 10', os.arch: 'amd64', os.version: '10.0', java.version: '1.8.0_261'
Driver info: org.openqa.selenium.chrome.ChromeDriver
Capabilities {acceptInsecureCerts: false, browserName: chrome, browserVersion: 83.0.4103.116, chrome: {chromedriverVersion: 83.0.4103.39 (ccbf011cb2d2b..., userDataDir: C:\Users\shubh\AppData\Loca...}, goog:chromeOptions: {debuggerAddress: localhost:50103}, javascriptEnabled: true, networkConnectionEnabled: false, pageLoadStrategy: normal, platform: WINDOWS, platformName: WINDOWS, proxy: Proxy(), setWindowRect: true, strictFileInteractability: false, timeouts: {implicit: 0, pageLoad: 300000, script: 30000}, unhandledPromptBehavior: dismiss and notify, webauthn:virtualAuthenticators: true}
Session ID: e865849116a2b2c77d6e8c9c12be9501
at org.openqa.selenium.remote.http.W3CHttpResponseCodec.createException(W3CHttpResponseCodec.java:187)
at org.openqa.selenium.remote.http.W3CHttpResponseCodec.decode(W3CHttpResponseCodec.java:122)
at org.openqa.selenium.remote.http.W3CHttpResponseCodec.decode(W3CHttpResponseCodec.java:49)
at org.openqa.selenium.remote.HttpCommandExecutor.execute(HttpCommandExecutor.java:158)
at org.openqa.selenium.remote.service.DriverCommandExecutor.execute(DriverCommandExecutor.java:83)
at org.openqa.selenium.remote.RemoteWebDriver.execute(RemoteWebDriver.java:552)
at org.openqa.selenium.remote.RemoteWebDriver.execute(RemoteWebDriver.java:609)
at org.openqa.selenium.remote.RemoteWebDriver.getTitle(RemoteWebDriver.java:281)
at com.crm.ola.qa.pages.LoginPage.validateLoinPageTitle(LoginPage.java:38)
at com.crm.ola.qa.testcases.LogInPageTest.logInpageTitleTest(LogInPageTest.java:34)
... Removed 29 stack frames]]>
    </failure>
  </testcase> <!-- logInpageTitleTest -->
  <testcase name="verifyHomepageTitleTest" time="0.0" classname="com.crm.ola.qa.testcases.HomePageTest">
    <skipped/>
  </testcase> <!-- verifyHomepageTitleTest -->
  <testcase name="verifycheckbox" time="0.0" classname="com.crm.ola.qa.testcases.ContactsPageTest">
    <skipped/>
  </testcase> <!-- verifycheckbox -->
  <testcase name="verifyCRMlogoTest" time="0.0" classname="com.crm.ola.qa.testcases.LogInPageTest">
    <skipped/>
  </testcase> <!-- verifyCRMlogoTest -->
  <testcase name="userverificationTest" time="0.0" classname="com.crm.ola.qa.testcases.HomePageTest">
    <skipped/>
  </testcase> <!-- userverificationTest -->
  <testcase name="HomePageLogIn" time="0.0" classname="com.crm.ola.qa.testcases.LogInPageTest">
    <skipped/>
  </testcase> <!-- HomePageLogIn -->
  <testcase name="ClickOnContactsTest" time="0.0" classname="com.crm.ola.qa.testcases.HomePageTest">
    <skipped/>
  </testcase> <!-- ClickOnContactsTest -->
</testsuite> <!-- Free CRM application test -->
