<?xml version="1.0" encoding="UTF-8"?>
<!-- Generated by org.testng.reporters.JUnitReportReporter -->
<testsuite skipped="3" hostname="DESKTOP-0SIJPFB" name="com.crm.ola.qa.testcases.HomePageTest" tests="4" failures="0" timestamp="22 Jul 2020 11:51:56 GMT" time="13.714" errors="1">
  <testcase name="setUp" time="13.714" classname="com.crm.ola.qa.testcases.HomePageTest">
    <error type="org.openqa.selenium.SessionNotCreatedException" message="session not created
from chrome not reachable
  (Session info: chrome=83.0.4103.116)
Build info: version: &#039;3.141.59&#039;, revision: &#039;e82be7d358&#039;, time: &#039;2018-11-14T08:17:03&#039;
System info: host: &#039;DESKTOP-0SIJPFB&#039;, ip: &#039;192.168.43.38&#039;, os.name: &#039;Windows 10&#039;, os.arch: &#039;amd64&#039;, os.version: &#039;10.0&#039;, java.version: &#039;1.8.0_261&#039;
Driver info: driver.version: ChromeDriver
remote stacktrace: Backtrace:
	Ordinal0 [0x00919563+2725219]
	Ordinal0 [0x00818551+1672529]
	Ordinal0 [0x00700202+524802]
	Ordinal0 [0x006F99B2+498098]
	Ordinal0 [0x006FA09B+499867]
	Ordinal0 [0x006FAFF5+503797]
	Ordinal0 [0x006F6994+485780]
	Ordinal0 [0x00700FF0+528368]
	Ordinal0 [0x006AD6C9+186057]
	Ordinal0 [0x006ACA3D+182845]
	Ordinal0 [0x006AA94B+174411]
	Ordinal0 [0x00692528+75048]
	Ordinal0 [0x006935A0+79264]
	Ordinal0 [0x00693539+79161]
	Ordinal0 [0x0082D607+1758727]
	GetHandleVerifier [0x00A36546+1050150]
	GetHandleVerifier [0x00A36291+1049457]
	GetHandleVerifier [0x00A410D7+1094071]
	GetHandleVerifier [0x00A36B46+1051686]
	Ordinal0 [0x00825B06+1727238]
	Ordinal0 [0x0082EB7B+1764219]
	Ordinal0 [0x0082ECE3+1764579]
	Ordinal0 [0x00844C05+1854469]
	BaseThreadInitThunk [0x76376359+25]
	RtlGetAppContainerNamedObjectPath [0x76F17C24+228]
	RtlGetAppContainerNamedObjectPath [0x76F17BF4+180]
">
      <![CDATA[org.openqa.selenium.SessionNotCreatedException: session not created
from chrome not reachable
  (Session info: chrome=83.0.4103.116)
Build info: version: '3.141.59', revision: 'e82be7d358', time: '2018-11-14T08:17:03'
System info: host: 'DESKTOP-0SIJPFB', ip: '192.168.43.38', os.name: 'Windows 10', os.arch: 'amd64', os.version: '10.0', java.version: '1.8.0_261'
Driver info: driver.version: ChromeDriver
remote stacktrace: Backtrace:
Ordinal0 [0x00919563+2725219]
Ordinal0 [0x00818551+1672529]
Ordinal0 [0x00700202+524802]
Ordinal0 [0x006F99B2+498098]
Ordinal0 [0x006FA09B+499867]
Ordinal0 [0x006FAFF5+503797]
Ordinal0 [0x006F6994+485780]
Ordinal0 [0x00700FF0+528368]
Ordinal0 [0x006AD6C9+186057]
Ordinal0 [0x006ACA3D+182845]
Ordinal0 [0x006AA94B+174411]
Ordinal0 [0x00692528+75048]
Ordinal0 [0x006935A0+79264]
Ordinal0 [0x00693539+79161]
Ordinal0 [0x0082D607+1758727]
GetHandleVerifier [0x00A36546+1050150]
GetHandleVerifier [0x00A36291+1049457]
GetHandleVerifier [0x00A410D7+1094071]
GetHandleVerifier [0x00A36B46+1051686]
Ordinal0 [0x00825B06+1727238]
Ordinal0 [0x0082EB7B+1764219]
Ordinal0 [0x0082ECE3+1764579]
Ordinal0 [0x00844C05+1854469]
BaseThreadInitThunk [0x76376359+25]
RtlGetAppContainerNamedObjectPath [0x76F17C24+228]
RtlGetAppContainerNamedObjectPath [0x76F17BF4+180]

at sun.reflect.NativeConstructorAccessorImpl.newInstance0(Native Method)
at sun.reflect.NativeConstructorAccessorImpl.newInstance(Unknown Source)
at sun.reflect.DelegatingConstructorAccessorImpl.newInstance(Unknown Source)
at java.lang.reflect.Constructor.newInstance(Unknown Source)
at org.openqa.selenium.remote.W3CHandshakeResponse.lambda$errorHandler$0(W3CHandshakeResponse.java:62)
at org.openqa.selenium.remote.HandshakeResponse.lambda$getResponseFunction$0(HandshakeResponse.java:30)
at org.openqa.selenium.remote.ProtocolHandshake.lambda$createSession$0(ProtocolHandshake.java:126)
at java.util.stream.ReferencePipeline$3$1.accept(Unknown Source)
at java.util.Spliterators$ArraySpliterator.tryAdvance(Unknown Source)
at java.util.stream.ReferencePipeline.forEachWithCancel(Unknown Source)
at java.util.stream.AbstractPipeline.copyIntoWithCancel(Unknown Source)
at java.util.stream.AbstractPipeline.copyInto(Unknown Source)
at java.util.stream.AbstractPipeline.wrapAndCopyInto(Unknown Source)
at java.util.stream.FindOps$FindOp.evaluateSequential(Unknown Source)
at java.util.stream.AbstractPipeline.evaluate(Unknown Source)
at java.util.stream.ReferencePipeline.findFirst(Unknown Source)
at org.openqa.selenium.remote.ProtocolHandshake.createSession(ProtocolHandshake.java:128)
at org.openqa.selenium.remote.ProtocolHandshake.createSession(ProtocolHandshake.java:74)
at org.openqa.selenium.remote.HttpCommandExecutor.execute(HttpCommandExecutor.java:136)
at org.openqa.selenium.remote.service.DriverCommandExecutor.execute(DriverCommandExecutor.java:83)
at org.openqa.selenium.remote.RemoteWebDriver.execute(RemoteWebDriver.java:552)
at org.openqa.selenium.remote.RemoteWebDriver.startSession(RemoteWebDriver.java:213)
at org.openqa.selenium.remote.RemoteWebDriver.<init>(RemoteWebDriver.java:131)
at org.openqa.selenium.chrome.ChromeDriver.<init>(ChromeDriver.java:181)
at org.openqa.selenium.chrome.ChromeDriver.<init>(ChromeDriver.java:168)
at org.openqa.selenium.chrome.ChromeDriver.<init>(ChromeDriver.java:123)
at com.crm.ola.qa.base.TestBase.initialization(TestBase.java:31)
at com.crm.ola.qa.testcases.HomePageTest.setUp(HomePageTest.java:32)
at sun.reflect.NativeMethodAccessorImpl.invoke0(Native Method)
at sun.reflect.NativeMethodAccessorImpl.invoke(Unknown Source)
at sun.reflect.DelegatingMethodAccessorImpl.invoke(Unknown Source)
at java.lang.reflect.Method.invoke(Unknown Source)
at org.testng.internal.MethodInvocationHelper.invokeMethod(MethodInvocationHelper.java:124)
at org.testng.internal.MethodInvocationHelper.invokeMethodConsideringTimeout(MethodInvocationHelper.java:59)
at org.testng.internal.Invoker.invokeConfigurationMethod(Invoker.java:458)
at org.testng.internal.Invoker.invokeConfigurations(Invoker.java:222)
at org.testng.internal.Invoker.invokeMethod(Invoker.java:523)
at org.testng.internal.Invoker.invokeTestMethod(Invoker.java:719)
at org.testng.internal.Invoker.invokeTestMethods(Invoker.java:989)
at org.testng.internal.TestMethodWorker.invokeTestMethods(TestMethodWorker.java:125)
at org.testng.internal.TestMethodWorker.run(TestMethodWorker.java:109)
at org.testng.TestRunner.privateRun(TestRunner.java:648)
at org.testng.TestRunner.run(TestRunner.java:505)
at org.testng.SuiteRunner.runTest(SuiteRunner.java:455)
at org.testng.SuiteRunner.runSequentially(SuiteRunner.java:450)
at org.testng.SuiteRunner.privateRun(SuiteRunner.java:415)
at org.testng.SuiteRunner.run(SuiteRunner.java:364)
at org.testng.SuiteRunnerWorker.runSuite(SuiteRunnerWorker.java:52)
at org.testng.SuiteRunnerWorker.run(SuiteRunnerWorker.java:84)
at org.testng.TestNG.runSuitesSequentially(TestNG.java:1208)
at org.testng.TestNG.runSuitesLocally(TestNG.java:1137)
at org.testng.TestNG.runSuites(TestNG.java:1049)
at org.testng.TestNG.run(TestNG.java:1017)
at org.testng.remote.AbstractRemoteTestNG.run(AbstractRemoteTestNG.java:115)
at org.testng.remote.RemoteTestNG.initAndRun(RemoteTestNG.java:251)
at org.testng.remote.RemoteTestNG.main(RemoteTestNG.java:77)
]]>
    </error>
  </testcase> <!-- setUp -->
  <testcase name="verifyHomepageTitleTest" time="0.000" classname="com.crm.ola.qa.testcases.HomePageTest">
    <skipped/>
  </testcase> <!-- verifyHomepageTitleTest -->
  <testcase name="userverificationTest" time="0.000" classname="com.crm.ola.qa.testcases.HomePageTest">
    <skipped/>
  </testcase> <!-- userverificationTest -->
  <testcase name="ClickOnContactsTest" time="0.000" classname="com.crm.ola.qa.testcases.HomePageTest">
    <skipped/>
  </testcase> <!-- ClickOnContactsTest -->
</testsuite> <!-- com.crm.ola.qa.testcases.HomePageTest -->
